<?xml version="1.0" encoding="UTF-8"?>
<!-- Generated by org.testng.reporters.JUnitXMLReporter -->
<testsuite ignored="4" hostname="DESKTOP-8ELVUAA" failures="0" tests="1" name="Default test" time="0.062" errors="0" timestamp="2023-12-28T14:58:17 IST">
  <testcase classname="String.ReverseEachWord" name="reverseeEachWordInString3" time="0.011"/>
  <testcase classname="String.ReverseEachWord" name="reverseeEachWordInString" time="0.0">
    <ignored/>
  </testcase> <!-- reverseeEachWordInString -->
  <testcase classname="String.ReverseEachWord" name="t" time="0.0">
    <ignored/>
  </testcase> <!-- t -->
  <testcase classname="String.ReverseEachWord" name="reverseeEachWordInString2" time="0.0">
    <ignored/>
  </testcase> <!-- reverseeEachWordInString2 -->
  <testcase classname="String.ReverseEachWord" name="y2" time="0.0">
    <ignored/>
  </testcase> <!-- y2 -->
</testsuite> <!-- Default test -->
