<?xml version="1.0" encoding="UTF-8"?>
<testng-results ignored="4" total="5" passed="1" failed="0" skipped="0">
  <reporter-output>
  </reporter-output>
  <suite started-at="2023-12-28T14:58:17 IST" name="Default suite" finished-at="2023-12-28T14:58:17 IST" duration-ms="62">
    <groups>
    </groups>
    <test started-at="2023-12-28T14:58:17 IST" name="Default test" finished-at="2023-12-28T14:58:17 IST" duration-ms="62">
      <class name="String.ReverseEachWord">
        <test-method signature="reverseeEachWordInString3()[pri:0, instance:String.ReverseEachWord@158da8e]" started-at="2023-12-28T14:58:17 IST" name="reverseeEachWordInString3" finished-at="2023-12-28T14:58:17 IST" duration-ms="11" status="PASS">
          <reporter-output>
          </reporter-output>
        </test-method> <!-- reverseeEachWordInString3 -->
      </class> <!-- String.ReverseEachWord -->
    </test> <!-- Default test -->
  </suite> <!-- Default suite -->
</testng-results>
